
 [ 0][ 0] [ 0][ 1] [ 0][ 2] [ 0][ 3] [ 0][ 4] [ 0][ 5] [ 0][ 6] [ 0][ 7] [ 0][ 8] [ 0][ 9] [ 0][10] [ 0][11] [ 0][12]
 [ 1][ 0] [ 1][ 1] [ 1][ 2] [ 1][ 3] [ 1][ 4] [ 1][ 5] [ 1][ 6] [ 1][ 7] [ 1][ 8] [ 1][ 9] [ 1][10] [ 1][11] [ 1][12]
 [ 2][ 0] [ 2][ 1] [ 2][ 2] [ 2][ 3] [ 2][ 4] [ 2][ 5] [ 2][ 6] [ 2][ 7] [ 2][ 8] [ 2][ 9] [ 2][10] [ 2][11] [ 2][12]
 [ 3][ 0] [ 3][ 1] [ 3][ 2] [ 3][ 3] [ 3][ 4] [ 3][ 5] [ 3][ 6] [ 3][ 7] [ 3][ 8] [ 3][ 9] [ 3][10] [ 3][11] [ 3][12]
 [ 4][ 0] [ 4][ 1] [ 4][ 2] [ 4][ 3] [ 4][ 4] [ 4][ 5] [ 4][ 6] [ 4][ 7] [ 4][ 8] [ 4][ 9] [ 4][10] [ 4][11] [ 4][12]
 [ 5][ 0] [ 5][ 1] [ 5][ 2] [ 5][ 3] [ 5][ 4] [ 5][ 5] [ 5][ 6] [ 5][ 7] [ 5][ 8] [ 5][ 9] [ 5][10] [ 5][11] [ 5][12]
 [ 6][ 0] [ 6][ 1] [ 6][ 2] [ 6][ 3] [ 6][ 4] [ 6][ 5] [ 6][ 6] [ 6][ 7] [ 6][ 8] [ 6][ 9] [ 6][10] [ 6][11] [ 6][12]
 [ 7][ 0] [ 7][ 1] [ 7][ 2] [ 7][ 3] [ 7][ 4] [ 7][ 5] [ 7][ 6] [ 7][ 7] [ 7][ 8] [ 7][ 9] [ 7][10] [ 7][11] [ 7][12]
 [ 8][ 0] [ 8][ 1] [ 8][ 2] [ 8][ 3] [ 8][ 4] [ 8][ 5] [ 8][ 6] [ 8][ 7] [ 8][ 8] [ 8][ 9] [ 8][10] [ 8][11] [ 8][12]
 [ 9][ 0] [ 9][ 1] [ 9][ 2] [ 9][ 3] [ 9][ 4] [ 9][ 5] [ 9][ 6] [ 9][ 7] [ 9][ 8] [ 9][ 9] [ 9][10] [ 9][11] [ 9][12]
 [10][ 0] [10][ 1] [10][ 2] [10][ 3] [10][ 4] [10][ 5] [10][ 6] [10][ 7] [10][ 8] [10][ 9] [10][10] [10][11] [10][12]
 [11][ 0] [11][ 1] [11][ 2] [11][ 3] [11][ 4] [11][ 5] [11][ 6] [11][ 7] [11][ 8] [11][ 9] [11][10] [11][11] [11][12]
 [12][ 0] [12][ 1] [12][ 2] [12][ 3] [12][ 4] [12][ 5] [12][ 6] [12][ 7] [12][ 8] [12][ 9] [12][10] [12][11] [12][12]
 [13][ 0] [13][ 1] [13][ 2] [13][ 3] [13][ 4] [13][ 5] [13][ 6] [13][ 7] [13][ 8] [13][ 9] [13][10] [13][11] [13][12]
 [14][ 0] [14][ 1] [14][ 2] [14][ 3] [14][ 4] [14][ 5] [14][ 6] [14][ 7] [14][ 8] [14][ 9] [14][10] [14][11] [14][12]
 [15][ 0] [15][ 1] [15][ 2] [15][ 3] [15][ 4] [15][ 5] [15][ 6] [15][ 7] [15][ 8] [15][ 9] [15][10] [15][11] [15][12]
 [16][ 0] [16][ 1] [16][ 2] [16][ 3] [16][ 4] [16][ 5] [16][ 6] [16][ 7] [16][ 8] [16][ 9] [16][10] [16][11] [16][12]
 [17][ 0] [17][ 1] [17][ 2] [17][ 3] [17][ 4] [17][ 5] [17][ 6] [17][ 7] [17][ 8] [17][ 9] [17][10] [17][11] [17][12]
 [18][ 0] [18][ 1] [18][ 2] [18][ 3] [18][ 4] [18][ 5] [18][ 6] [18][ 7] [18][ 8] [18][ 9] [18][10] [18][11] [18][12]
 [19][ 0] [19][ 1] [19][ 2] [19][ 3] [19][ 4] [19][ 5] [19][ 6] [19][ 7] [19][ 8] [19][ 9] [19][10] [19][11] [19][12]
 [20][ 0] [20][ 1] [20][ 2] [20][ 3] [20][ 4] [20][ 5] [20][ 6] [20][ 7] [20][ 8] [20][ 9] [20][10] [20][11] [20][12]
 [21][ 0] [21][ 1] [21][ 2] [21][ 3] [21][ 4] [21][ 5] [21][ 6] [21][ 7] [21][ 8] [21][ 9] [21][10] [21][11] [21][12]
 [22][ 0] [22][ 1] [22][ 2] [22][ 3] [22][ 4] [22][ 5] [22][ 6] [22][ 7] [22][ 8] [22][ 9] [22][10] [22][11] [22][12]
 [23][ 0] [23][ 1] [23][ 2] [23][ 3] [23][ 4] [23][ 5] [23][ 6] [23][ 7] [23][ 8] [23][ 9] [23][10] [23][11] [23][12]
 [24][ 0] [24][ 1] [24][ 2] [24][ 3] [24][ 4] [24][ 5] [24][ 6] [24][ 7] [24][ 8] [24][ 9] [24][10] [24][11] [24][12]


    1992  517614  520336  530741  533340  536747  541503  545225  541365  546740  546043  550307  552172
    1993  558834  558337  554961  560916  568507  566310  566323  566653  571344  577026  577704  577117
    1994  584321  588458  595183  596712  600178  605075  610294  619481  619861  628011  631771  642350
    1995  644674  645296  641155  649552  647749  654826  653413  657875  664747  662167  665467  678386
    1996  660416  659670  676135  677539  684017  688424  687282  689695  695677  695111  703144  700539
    1997  704038  717843  718089  718045  714436  722320  727824  728004  731857  730206  737520  733769
    1998  732016  740125  741495  740184  742777  736306  733462  738142  743458  750026  752562  755844
    1999  757979  765545  765096  769760  780745  782081  785815  795441  796698  805370  809531  817556
    2000  826110  815944  830988  834393  828962  839258  834056  829343  845393  838509  834373  841755
    2001  834334  836774  823799  818920  827306  815238  812018  817416  803541  815821  808120  806083
    2002  804983  808008  808427  821888  821806  824919  826235  834772  831982  830608  837344  829745
    2003  841422  841268  850463  835270  836954  848200  857407  859130  865635  869551  874546  875843
    2004  876845  886486  911213  906503  915415  914531  919148  928895  937199  950053  956421  967136
    2005  973040  978450  976195  995270  987105  998937 1005317 1013781 1028464 1036165 1034737 1045128
    2006 1058232 1056926 1061488 1059280 1072980 1075342 1073105 1083354 1068905 1064568 1070359 1095403
    2007 1080001 1095663 1107931 1114607 1127984 1125170 1125633 1131154 1141042 1152758 1173018 1164643
    2008 1179567 1173025 1173927 1197445 1206369 1224246 1219239 1195297 1165158 1112805 1036159  996596
    2009  977960  983446  956956  953438  961031  977225  982996  998432 1000735 1011335 1029837 1038080
    2010 1047426 1050098 1070220 1082465 1076193 1073965 1084230 1091156 1100993 1117789 1128582 1143819
    2011 1170368 1168535 1197455 1202456 1197675 1205131 1212067 1218227 1220372 1230002 1229136 1240238
    2012 1252376 1262184 1268424 1270300 1262145 1242790 1246764 1259361 1277653 1272120 1284377 1287733
    2013 1293949 1311738 1288951 1285573 1298835 1296373 1295411 1302692 1305082 1310924 1321402 1322550
    2014 1311352 1325901 1336206 1340129 1343887 1347183 1351123 1351349 1348343 1343908 1338645 1328586
    2015 1299545 1294254 1303364 1307558 1310766 1316192 1314516 1304918 1304345 1301006 1296965 1289639
    2016 1279099 1275814 1278267 1288674 1292865 1306188 1303601       0       0       0       0       0


maximum sales value:1351349
minimum sales value: 517614

total annual sale:6462133
total annual sale:6804032
total annual sale:7321695
total annual sale:7865307
total annual sale:8217649
total annual sale:8683951
total annual sale:8906397
total annual sale:9431617
total annual sale:9999084
total annual sale:9819370
total annual sale:9880717
total annual sale:10255689
total annual sale:11069845
total annual sale:12072589
total annual sale:12839942
total annual sale:13539604
total annual sale:13879833
total annual sale:11871471
total annual sale:13066936
total annual sale:14491662
total annual sale:15186227
total annual sale:15633480
total annual sale:16066612
total annual sale:15643068
total annual sale:9024508

quarterly sale:1568691 1611590 1633330 1648522
quarterly sale:1672132 1695733 1704320 1731847
quarterly sale:1767962 1801965 1849636 1902132
quarterly sale:1931125 1952127 1976035 2006020
quarterly sale:1996221 2049980 2072654 2098794
quarterly sale:2139970 2154801 2187685 2201495
quarterly sale:2213636 2219267 2215062 2258432
quarterly sale:2288620 2332586 2377954 2432457
quarterly sale:2473042 2502613 2508792 2514637
quarterly sale:2494907 2461464 2432975 2430024
quarterly sale:2421418 2468613 2492989 2497697
quarterly sale:2533153 2520424 2582172 2619940
quarterly sale:2674544 2736449 2785242 2873610
quarterly sale:2927685 2981312 3047562 3116030
quarterly sale:3176646 3207602 3225364 3230330
quarterly sale:3283595 3367761 3397829 3490419
quarterly sale:3526519 3628060 3579694 3145560
quarterly sale:2918362 2891694 2982163 3079252
quarterly sale:3167744 3232623 3276379 3390190
quarterly sale:3536358 3605262 3650666 3699376
quarterly sale:3782984 3775235 3783778 3844230
quarterly sale:3894638 3880781 3903185 3954876
quarterly sale:3973459 4031199 4050815 4011139
quarterly sale:3897163 3934516 3923779 3887610
quarterly sale:3833180 3887727 1303601       0

monthly difference:   2722  10405   2599   3407   4756   3722  -3860   5375   -697   4264   1865
monthly difference:   -497  -3376   5955   7591  -2197     13    330   4691   5682    678   -587
monthly difference:   4137   6725   1529   3466   4897   5219   9187    380   8150   3760  10579
monthly difference:    622  -4141   8397  -1803   7077  -1413   4462   6872  -2580   3300  12919
monthly difference:   -746  16465   1404   6478   4407  -1142   2413   5982   -566   8033  -2605
monthly difference:  13805    246    -44  -3609   7884   5504    180   3853  -1651   7314  -3751
monthly difference:   8109   1370  -1311   2593  -6471  -2844   4680   5316   6568   2536   3282
monthly difference:   7566   -449   4664  10985   1336   3734   9626   1257   8672   4161   8025
monthly difference: -10166  15044   3405  -5431  10296  -5202  -4713  16050  -6884  -4136   7382
monthly difference:   2440 -12975  -4879   8386 -12068  -3220   5398 -13875  12280  -7701  -2037
monthly difference:   3025    419  13461    -82   3113   1316   8537  -2790  -1374   6736  -7599
monthly difference:   -154   9195 -15193   1684  11246   9207   1723   6505   3916   4995   1297
monthly difference:   9641  24727  -4710   8912   -884   4617   9747   8304  12854   6368  10715
monthly difference:   5410  -2255  19075  -8165  11832   6380   8464  14683   7701  -1428  10391
monthly difference:  -1306   4562  -2208  13700   2362  -2237  10249 -14449  -4337   5791  25044
monthly difference:  15662  12268   6676  13377  -2814    463   5521   9888  11716  20260  -8375
monthly difference:  -6542    902  23518   8924  17877  -5007 -23942 -30139 -52353 -76646 -39563
monthly difference:   5486 -26490  -3518   7593  16194   5771  15436   2303  10600  18502   8243
monthly difference:   2672  20122  12245  -6272  -2228  10265   6926   9837  16796  10793  15237
monthly difference:  -1833  28920   5001  -4781   7456   6936   6160   2145   9630   -866  11102
monthly difference:   9808   6240   1876  -8155 -19355   3974  12597  18292  -5533  12257   3356
monthly difference:  17789 -22787  -3378  13262  -2462   -962   7281   2390   5842  10478   1148
monthly difference:  14549  10305   3923   3758   3296   3940    226  -3006  -4435  -5263 -10059
monthly difference:  -5291   9110   4194   3208   5426  -1676  -9598   -573  -3339  -4041  -7326
monthly difference:  -3285   2453  10407   4191  13323  -2587-1303601no data no data no data no data 

monthly percentage change:   0.526   2.000   0.490   0.639   0.886   0.687  -0.708   0.993  -0.127   0.781   0.339
monthly percentage change:  -0.089  -0.605   1.073   1.353  -0.386   0.002   0.058   0.828   0.994   0.117  -0.102
monthly percentage change:   0.708   1.143   0.257   0.581   0.816   0.863   1.505   0.061   1.315   0.599   1.674
monthly percentage change:   0.096  -0.642   1.310  -0.278   1.093  -0.216   0.683   1.045  -0.388   0.498   1.941
monthly percentage change:  -0.113   2.496   0.208   0.956   0.644  -0.166   0.351   0.867  -0.081   1.156  -0.370
monthly percentage change:   1.961   0.034  -0.006  -0.503   1.104   0.762   0.025   0.529  -0.226   1.002  -0.509
monthly percentage change:   1.108   0.185  -0.177   0.350  -0.871  -0.386   0.638   0.720   0.883   0.338   0.436
monthly percentage change:   0.998  -0.059   0.610   1.427   0.171   0.477   1.225   0.158   1.088   0.517   0.991
monthly percentage change:  -1.231   1.844   0.410  -0.651   1.242  -0.620  -0.565   1.935  -0.814  -0.493   0.885
monthly percentage change:   0.292  -1.551  -0.592   1.024  -1.459  -0.395   0.665  -1.697   1.528  -0.944  -0.252
monthly percentage change:   0.376   0.052   1.665  -0.010   0.379   0.160   1.033  -0.334  -0.165   0.811  -0.908
monthly percentage change:  -0.018   1.093  -1.786   0.202   1.344   1.085   0.201   0.757   0.452   0.574   0.148
monthly percentage change:   1.100   2.789  -0.517   0.983  -0.097   0.505   1.060   0.894   1.372   0.670   1.120
monthly percentage change:   0.556  -0.230   1.954  -0.820   1.199   0.639   0.842   1.448   0.749  -0.138   1.004
monthly percentage change:  -0.123   0.432  -0.208   1.293   0.220  -0.208   0.955  -1.334  -0.406   0.544   2.340
monthly percentage change:   1.450   1.120   0.603   1.200  -0.249   0.041   0.490   0.874   1.027   1.758  -0.714
monthly percentage change:  -0.555   0.077   2.003   0.745   1.482  -0.409  -1.964  -2.521  -4.493  -6.888  -3.818
monthly percentage change:   0.561  -2.694  -0.368   0.796   1.685   0.591   1.570   0.231   1.059   1.829   0.800
monthly percentage change:   0.255   1.916   1.144  -0.579  -0.207   0.956   0.639   0.902   1.526   0.966   1.350
monthly percentage change:  -0.157   2.475   0.418  -0.398   0.623   0.576   0.508   0.176   0.789  -0.070   0.903
monthly percentage change:   0.783   0.494   0.148  -0.642  -1.534   0.320   1.010   1.452  -0.433   0.964   0.261
monthly percentage change:   1.375  -1.737  -0.262   1.032  -0.190  -0.074   0.562   0.183   0.448   0.799   0.087
monthly percentage change:   1.109   0.777   0.294   0.280   0.245   0.292   0.017  -0.222  -0.329  -0.392  -0.751
monthly percentage change:  -0.407   0.704   0.322   0.245   0.414  -0.127  -0.730  -0.044  -0.256  -0.311  -0.565
monthly percentage change:  -0.257   0.192   0.814   0.325   1.031  -0.198 -100.000no data no data no data no data 
